\BOOKMARK [0][-]{chapter*.3}{\376\377\000L\000i\000s\000t\000\040\000o\000f\000\040\000A\000b\000b\000r\000e\000v\000i\000a\000t\000i\000o\000n\000s}{}% 1
\BOOKMARK [0][-]{chapter.1}{\376\377\000I\000n\000t\000r\000o\000d\000u\000c\000t\000i\000o\000n}{}% 2
\BOOKMARK [1][-]{section.1.1}{\376\377\000G\000o\000a\000l\000s\000\040\000o\000f\000\040\000t\000h\000e\000\040\000M\000a\000s\000t\000e\000r\000\040\000T\000h\000e\000s\000i\000s}{chapter.1}% 3
\BOOKMARK [2][-]{subsection.1.1.1}{\376\377\000D\000e\000t\000e\000c\000t\000i\000o\000n\000\040\000o\000f\000\040\000S\000t\000a\000t\000i\000o\000n\000a\000r\000y\000\040\000V\000e\000h\000i\000c\000l\000e\000s}{section.1.1}% 4
\BOOKMARK [2][-]{subsection.1.1.2}{\376\377\000V\000e\000h\000i\000c\000l\000e\000\040\000C\000o\000u\000n\000t\000i\000n\000g}{section.1.1}% 5
\BOOKMARK [1][-]{section.1.2}{\376\377\000C\000o\000n\000t\000r\000i\000b\000u\000t\000i\000o\000n\000\040\000o\000f\000\040\000t\000h\000e\000\040\000M\000a\000s\000t\000e\000r\000\040\000T\000h\000e\000s\000i\000s}{chapter.1}% 6
\BOOKMARK [2][-]{subsection.1.2.1}{\376\377\000M\000o\000b\000i\000l\000i\000t\000y\000D\000B\000\040\000D\000a\000t\000a\000b\000a\000s\000e\000\040\000f\000o\000r\000\040\000B\000r\000u\000s\000s\000e\000l\000s\000\040\000M\000o\000b\000i\000l\000i\000t\000y}{section.1.2}% 7
\BOOKMARK [2][-]{subsection.1.2.2}{\376\377\000A\000l\000a\000r\000m\000\040\000S\000y\000s\000t\000e\000m\000\040\000f\000o\000r\000\040\000S\000T\000I\000B\000\040\000V\000e\000h\000i\000c\000l\000e\000s}{section.1.2}% 8
\BOOKMARK [2][-]{subsection.1.2.3}{\376\377\000V\000i\000s\000u\000a\000l\000i\000z\000a\000t\000i\000o\000n\000\040\000T\000o\000o\000l\000\040\000f\000o\000r\000\040\000H\000i\000s\000t\000o\000r\000i\000c\000a\000l\000\040\000D\000a\000t\000a}{section.1.2}% 9
\BOOKMARK [0][-]{chapter.2}{\376\377\000S\000t\000a\000t\000e\000\040\000o\000f\000\040\000t\000h\000e\000\040\000A\000r\000t}{}% 10
\BOOKMARK [1][-]{section.2.1}{\376\377\000M\0003}{chapter.2}% 11
\BOOKMARK [1][-]{section.2.2}{\376\377\000m\000o\000d\000\040\000\050\000m\000o\000d\000\051}{chapter.2}% 12
\BOOKMARK [1][-]{section.2.3}{\376\377\000M\000a\000p\000b\000o\000x\000\040\000V\000e\000c\000t\000o\000r\000\040\000T\000i\000l\000e}{chapter.2}% 13
\BOOKMARK [1][-]{section.2.4}{\376\377\000P\000G\000\137\000T\000I\000L\000E\000S\000E\000R\000V}{chapter.2}% 14
\BOOKMARK [1][-]{section.2.5}{\376\377\000T\000r\000a\000n\000s\000i\000t\000\040\000I\000n\000f\000o\000r\000m\000a\000t\000i\000o\000n\000\040\000S\000t\000a\000n\000d\000a\000r\000d\000s}{chapter.2}% 15
\BOOKMARK [2][-]{subsection.2.5.1}{\376\377\000N\000e\000T\000E\000x}{section.2.5}% 16
\BOOKMARK [2][-]{subsection.2.5.2}{\376\377\000S\000I\000R\000I}{section.2.5}% 17
\BOOKMARK [2][-]{subsection.2.5.3}{\376\377\000G\000T\000F\000S}{section.2.5}% 18
\BOOKMARK [2][-]{subsection.2.5.4}{\376\377\000D\000A\000T\000E\000X\000\040\000I\000I}{section.2.5}% 19
\BOOKMARK [1][-]{section.2.6}{\376\377\000K\000a\000f\000k\000a}{chapter.2}% 20
\BOOKMARK [0][-]{chapter.3}{\376\377\000D\000a\000t\000a\000\040\000S\000o\000u\000r\000c\000e\000s\000\040\000a\000n\000d\000\040\000M\000a\000n\000i\000p\000u\000l\000a\000t\000i\000o\000n}{}% 21
\BOOKMARK [1][-]{section.3.1}{\376\377\000S\000e\000r\000v\000e\000r}{chapter.3}% 22
\BOOKMARK [1][-]{section.3.2}{\376\377\000D\000a\000t\000a\000\040\000C\000o\000l\000l\000e\000c\000t\000i\000o\000n}{chapter.3}% 23
\BOOKMARK [1][-]{section.3.3}{\376\377\000S\000T\000I\000B}{chapter.3}% 24
\BOOKMARK [2][-]{subsection.3.3.1}{\376\377\000O\000p\000e\000n\000\040\000D\000a\000t\000a\000\040\000P\000o\000r\000t\000a\000l\000\040\000\050\000O\000D\000P\000\051}{section.3.3}% 25
\BOOKMARK [2][-]{subsection.3.3.2}{\376\377\000S\000t\000o\000r\000a\000g\000e}{section.3.3}% 26
\BOOKMARK [2][-]{subsection.3.3.3}{\376\377\000P\000r\000o\000c\000e\000s\000s}{section.3.3}% 27
\BOOKMARK [2][-]{subsection.3.3.4}{\376\377\000R\000e\000a\000l\000-\000T\000i\000m\000e\000\040\000P\000o\000s\000i\000t\000i\000o\000n\000\040\000a\000n\000d\000\040\000R\000e\000v\000e\000r\000s\000e\000\040\000E\000n\000g\000i\000n\000e\000e\000r\000i\000n\000g}{section.3.3}% 28
\BOOKMARK [2][-]{subsection.3.3.5}{\376\377\000I\000n\000t\000e\000r\000p\000o\000l\000a\000t\000i\000o\000n\000\040\000a\000n\000d\000\040\000T\000r\000i\000p\000\040\000C\000o\000n\000s\000t\000r\000u\000c\000t\000i\000o\000n}{section.3.3}% 29
\BOOKMARK [2][-]{subsection.3.3.6}{\376\377\000E\000n\000c\000o\000u\000n\000t\000e\000r\000e\000d\000\040\000P\000r\000o\000b\000l\000e\000m\000s}{section.3.3}% 30
\BOOKMARK [1][-]{section.3.4}{\376\377\000T\000L\000C\000\040\000A\000P\000I}{chapter.3}% 31
\BOOKMARK [1][-]{section.3.5}{\376\377\000M\000\263\000\040\000A\000P\000I}{chapter.3}% 32
\BOOKMARK [0][-]{chapter.4}{\376\377\000A\000d\000d\000e\000d\000\040\000V\000a\000l\000u\000e\000s\000\040\000a\000n\000d\000\040\000U\000s\000e\000\040\000C\000a\000s\000e\000s}{}% 33
\BOOKMARK [1][-]{section.4.1}{\376\377\000s\000t\000i\000b\000\040\000T\000r\000i\000p\000s}{chapter.4}% 34
\BOOKMARK [1][-]{section.4.2}{\376\377\000V\000i\000s\000u\000a\000l\000i\000z\000a\000t\000i\000o\000n\000\040\000T\000o\000o\000l}{chapter.4}% 35
\BOOKMARK [2][-]{subsection.4.2.1}{\376\377\000H\000i\000s\000t\000o\000r\000i\000c\000a\000l\000\040\000D\000a\000t\000a\000\040\000V\000i\000s\000u\000a\000l\000i\000z\000a\000t\000i\000o\000n}{section.4.2}% 36
\BOOKMARK [2][-]{subsection.4.2.2}{\376\377\000R\000e\000a\000l\000-\000T\000i\000m\000e\000\040\000v\000i\000s\000u\000a\000l\000i\000z\000a\000t\000i\000o\000n}{section.4.2}% 37
\BOOKMARK [1][-]{section.4.3}{\376\377\000s\000t\000i\000b\000\040\000A\000l\000a\000r\000m\000s}{chapter.4}% 38
\BOOKMARK [0][-]{chapter.5}{\376\377\000F\000u\000t\000u\000r\000e\000\040\000w\000o\000r\000k}{}% 39
\BOOKMARK [1][-]{section.5.1}{\376\377\000s\000t\000i\000b\000\040\000T\000r\000i\000p\000s}{chapter.5}% 40
\BOOKMARK [1][-]{section.5.2}{\376\377\000s\000t\000i\000b\000\040\000A\000l\000a\000r\000m\000s}{chapter.5}% 41
\BOOKMARK [1][-]{section.5.3}{\376\377\000V\000e\000h\000i\000c\000l\000e\000\040\000C\000o\000u\000n\000t\000i\000n\000g\000\040\000\050\000M\0003\000\051}{chapter.5}% 42
\BOOKMARK [1][-]{section.5.4}{\376\377\000T\000r\000a\000f\000f\000i\000c\000\040\000L\000i\000g\000h\000t\000s\000\040\000S\000t\000a\000t\000e\000s\000\040\000\050\000T\000L\000C\000\051}{chapter.5}% 43
\BOOKMARK [1][-]{section.5.5}{\376\377\000V\000i\000s\000u\000a\000l\000i\000z\000a\000t\000i\000o\000n\000\040\000T\000o\000o\000l}{chapter.5}% 44
\BOOKMARK [0][-]{chapter.6}{\376\377\000C\000o\000n\000c\000l\000u\000s\000i\000o\000n}{}% 45
